Exporter version: 6.3.1, Blender version: 2.82 (sub 7)
========= Conversion from Blender to Babylon.js =========
	Scene settings used :
		Inline textures     :  false
		Material Type       :  PBR
		Positions Precision :  4
		Normals Precision   :  3
		UVs Precision       :  3
		Vert Color Precision:  3
		Mat Weight Precision:  2
		Keep Z-up r-handed  :  no
		Texture directory   :  D:\Data\HTTP3DInc\Blender\building\coffeecorner\inside\
	Python World class constructor completed
	processing begun of camera (UniversalCamera):  Camera
	processing begun of mesh:  inside building
		processing begun of material:  Material.001
		processing begun of material:  windows
		processing begun of material:  brown canvas
		processing begun of material:  white canvas
		processing begun of material:  brown wood
		processing begun of material:  black metal
		processing begun of material:  beige carpet
		processing begun of material:  white paint
		processing begun of material:  yellow paint
			processing texture brownfabric_color
				texture type:  diffuseTexture, mapped using: "UVMap"
			processing texture yellowfabric_roughness
				texture type:  value not meaningful 2, mapped using: "UVMap"
			processing texture yellowfabric_normal
				texture type:  bumpTexture, mapped using: "UVMap"
			processing texture whitefabric_color
				texture type:  diffuseTexture, mapped using: "UVMap"
			processing texture yellowfabric_roughness
				texture type:  value not meaningful 2, mapped using: "UVMap"
			processing texture yellowfabric_normal
				texture type:  bumpTexture, mapped using: "UVMap"
			processing texture brownwoodsiding_color
				texture type:  diffuseTexture, mapped using: "UVMap"
			processing texture redwoodsiding_roughness
				texture type:  value not meaningful 2, mapped using: "UVMap"
			processing texture redwoodsiding_normal
				texture type:  bumpTexture, mapped using: "UVMap"
			processing texture blackmetal_color
				texture type:  diffuseTexture, mapped using: "UVMap"
			processing texture blackmetal_metalness
				texture type:  metallicTexture, mapped using: "UVMap"
			processing texture blackmetal_roughness
				texture type:  value not meaningful 2, mapped using: "UVMap"
			processing texture blackmetal_normal
				texture type:  bumpTexture, mapped using: "UVMap"
			processing texture beigecarpet_color
				WARNING: Exception during copy:
					'd:\\Data\\HTTP3DInc\\Blender\\building\\coffeecorner\\inside\\beigecarpet_color.jpg' and 'D:\\Data\\HTTP3DInc\\Blender\\building\\coffeecorner\\inside\\beigecarpet_color.jpg' are the same file
				texture type:  diffuseTexture, mapped using: "UVMap"
			processing texture beigecarpet_roughness
				WARNING: Exception during copy:
					'd:\\Data\\HTTP3DInc\\Blender\\building\\coffeecorner\\inside\\beigecarpet_roughness.jpg' and 'D:\\Data\\HTTP3DInc\\Blender\\building\\coffeecorner\\inside\\beigecarpet_roughness.jpg' are the same file
				texture type:  value not meaningful 2, mapped using: "UVMap"
			processing texture beigecarpet_normal
				WARNING: Exception during copy:
					'd:\\Data\\HTTP3DInc\\Blender\\building\\coffeecorner\\inside\\beigecarpet_normal.jpg' and 'D:\\Data\\HTTP3DInc\\Blender\\building\\coffeecorner\\inside\\beigecarpet_normal.jpg' are the same file
				texture type:  bumpTexture, mapped using: "UVMap"
			processing texture whitepaint_color
				WARNING: Exception during copy:
					'd:\\Data\\HTTP3DInc\\Blender\\building\\coffeecorner\\inside\\whitepaint_color.jpg' and 'D:\\Data\\HTTP3DInc\\Blender\\building\\coffeecorner\\inside\\whitepaint_color.jpg' are the same file
				texture type:  diffuseTexture, mapped using: "UVMap"
			processing texture whitepaint_roughness
				WARNING: Exception during copy:
					'd:\\Data\\HTTP3DInc\\Blender\\building\\coffeecorner\\inside\\whitepaint_roughness.jpg' and 'D:\\Data\\HTTP3DInc\\Blender\\building\\coffeecorner\\inside\\whitepaint_roughness.jpg' are the same file
				texture type:  value not meaningful 2, mapped using: "UVMap"
			processing texture whitepaint_normal
				WARNING: Exception during copy:
					'd:\\Data\\HTTP3DInc\\Blender\\building\\coffeecorner\\inside\\whitepaint_normal.jpg' and 'D:\\Data\\HTTP3DInc\\Blender\\building\\coffeecorner\\inside\\whitepaint_normal.jpg' are the same file
				texture type:  bumpTexture, mapped using: "UVMap"
			processing texture yellowpaint_color
				WARNING: Exception during copy:
					'd:\\Data\\HTTP3DInc\\Blender\\building\\coffeecorner\\inside\\yellowpaint_color.jpg' and 'D:\\Data\\HTTP3DInc\\Blender\\building\\coffeecorner\\inside\\yellowpaint_color.jpg' are the same file
				texture type:  diffuseTexture, mapped using: "UVMap"
			processing texture whitepaint_roughness
				WARNING: Exception during copy:
					'd:\\Data\\HTTP3DInc\\Blender\\building\\coffeecorner\\inside\\whitepaint_roughness.jpg' and 'D:\\Data\\HTTP3DInc\\Blender\\building\\coffeecorner\\inside\\whitepaint_roughness.jpg' are the same file
				texture type:  value not meaningful 2, mapped using: "UVMap"
			processing texture whitepaint_normal
				WARNING: Exception during copy:
					'd:\\Data\\HTTP3DInc\\Blender\\building\\coffeecorner\\inside\\whitepaint_normal.jpg' and 'D:\\Data\\HTTP3DInc\\Blender\\building\\coffeecorner\\inside\\whitepaint_normal.jpg' are the same file
				texture type:  bumpTexture, mapped using: "UVMap"
		processing begun of multimaterial:  coffeecorner_inside.Multimaterial#0
		num positions      :  233
		num normals        :  233
		num tangents       :  0
		num uvs            :  466
		num uvs2           :  0
		num colors         :  0
		num indices        :  282
	processing begun of light (POINT):  Light
========= Writing of JSON file started =========
	writing mesh:  inside building
========= Writing of JSON file completed =========
========= end of processing =========
elapsed time:  0 min, 0.137 secs
