Exporter version: 2.80.1, Blender version: 2.90.0
========= Conversion from Blender to Babylon.js =========
	Scene settings used :
		Inline textures     :  false
		Material Type       :  PBR
		Positions Precision :  4
		Normals Precision   :  3
		UVs Precision       :  3
		Vert Color Precision:  3
		Mat Weight Precision:  2
		Keep Z-up r-handed  :  no
		Texture directory   :  D:\Data\HTTP3DInc\Blender\productdisplay\
	Python World class constructor completed
	processing begun of mesh:  DisplayCase
		processing begun of material:  gray
		num positions      :  66
		num normals        :  66
		num tangents       :  0
		num uvs            :  132
		num uvs2           :  0
		num colors         :  0
		num triangles      :  56
	processing begun of camera (UniversalCamera):  Camera
	processing begun of mesh:  ImageFrame
		processing begun of material:  casemat
		num positions      :  139
		num normals        :  139
		num tangents       :  0
		num uvs            :  278
		num uvs2           :  0
		num colors         :  0
		num triangles      :  76
	processing begun of mesh:  ReadMore1
		animation processing begun
			processing action ReadMore1Action:  in[20 - 39], out[0 - 39]
		processing begun of material:  readmoremat
		num positions      :  8
		num normals        :  8
		num tangents       :  0
		num uvs            :  16
		num uvs2           :  0
		num colors         :  0
		num triangles      :  10
	processing begun of mesh:  AddToCart1
		animation processing begun
			processing action AddToCart1Action:  in[0 - 19], out[0 - 19]
		processing begun of material:  addtocartmat
		num positions      :  25
		num normals        :  25
		num tangents       :  0
		num uvs            :  50
		num uvs2           :  0
		num colors         :  0
		num triangles      :  10
	processing begun of mesh:  ReadMoreText1
		processing begun of material:  black
		num positions      :  2977
		num normals        :  2977
		num tangents       :  0
		num uvs            :  5954
		num uvs2           :  0
		num colors         :  0
		num triangles      :  2937
	processing begun of mesh:  AddToCartText1
		processing begun of material:  black
		registered as also a user of material:  black
		num positions      :  2251
		num normals        :  2251
		num tangents       :  0
		num uvs            :  4502
		num uvs2           :  0
		num colors         :  0
		num triangles      :  2214
	processing begun of node:  Product Display
	processing begun of light (DIRECTIONAL):  Light
========= Writing of JSON file started =========
	writing mesh:  DisplayCase
	writing mesh:  ImageFrame
	writing mesh:  ReadMore1
	writing mesh:  AddToCart1
	writing mesh:  ReadMoreText1
	writing mesh:  AddToCartText1
========= Writing of JSON file completed =========
========= end of processing =========
elapsed time:  0 min, 1.1805 secs
