Exporter version: 6.3.1, Blender version: 2.82 (sub 7)
========= Conversion from Blender to Babylon.js =========
	Scene settings used :
		Inline textures     :  false
		Material Type       :  PBR
		Positions Precision :  4
		Normals Precision   :  3
		UVs Precision       :  3
		Vert Color Precision:  3
		Mat Weight Precision:  2
		Keep Z-up r-handed  :  no
		Texture directory   :  D:\Data\HTTP3DInc\Blender\building\docks\
	Python World class constructor completed
	processing begun of camera (UniversalCamera):  Camera
	processing begun of mesh:  docks
		processing begun of material:  dock mat
		processing begun of material:  transparent
			processing texture wlparts
				WARNING: Exception during copy:
					'D:\\Data\\HTTP3DInc\\Blender\\building\\docks\\wlparts.jpg' and 'D:\\Data\\HTTP3DInc\\Blender\\building\\docks\\wlparts.jpg' are the same file
				texture type:  diffuseTexture, mapped using: "UVMap"
			processing texture wlprtsnm
				WARNING: Exception during copy:
					'd:\\Data\\HTTP3DInc\\Blender\\building\\docks\\wlprtsnm.jpg' and 'D:\\Data\\HTTP3DInc\\Blender\\building\\docks\\wlprtsnm.jpg' are the same file
				texture type:  bumpTexture, mapped using: "UVMap"
		processing begun of multimaterial:  docks.Multimaterial#0
		num positions      :  10560
		num normals        :  10560
		num tangents       :  0
		num uvs            :  21120
		num uvs2           :  0
		num colors         :  0
		num indices        :  17220
	processing begun of light (DIRECTIONAL):  Light
========= Writing of JSON file started =========
	writing mesh:  docks
========= Writing of JSON file completed =========
========= end of processing =========
elapsed time:  0 min, 1.0964 secs
