Exporter version: 2.80.1, Blender version: 2.90.0
========= Conversion from Blender to Babylon.js =========
	Scene settings used :
		Inline textures     :  false
		Material Type       :  PBR
		Positions Precision :  4
		Normals Precision   :  3
		UVs Precision       :  3
		Vert Color Precision:  3
		Mat Weight Precision:  2
		Keep Z-up r-handed  :  no
		Texture directory   :  D:\Data\HTTP3DInc\Blender\HUD\
	Python World class constructor completed
	processing begun of camera (UniversalCamera):  Camera
	processing begun of mesh:  horizontalsbottom
		animation processing begun
			processing action horizontalsAction:  in[0 - 270], out[0 - 270]
		processing begun of material:  wire
		num positions      :  56
		num normals        :  56
		num tangents       :  0
		num uvs            :  112
		num uvs2           :  0
		num colors         :  0
		num triangles      :  32
	processing begun of mesh:  panel2
		animation processing begun
			processing action panelrightAction:  in[0 - 270], out[0 - 270]
		processing begun of material:  wire
		registered as also a user of material:  wire
		num positions      :  132
		num normals        :  132
		num tangents       :  0
		num uvs            :  264
		num uvs2           :  0
		num colors         :  0
		num triangles      :  64
	processing begun of mesh:  cornerbottomleft
		animation processing begun
			processing action cornerbottomleftAction:  in[0 - 270], out[0 - 270]
		processing begun of material:  wire
		registered as also a user of material:  wire
		num positions      :  524
		num normals        :  524
		num tangents       :  0
		num uvs            :  1048
		num uvs2           :  0
		num colors         :  0
		num triangles      :  208
	processing begun of mesh:  verticalsleft
		animation processing begun
			processing action verticalsleftAction.001:  in[0 - 270], out[0 - 270]
		processing begun of material:  wire
		registered as also a user of material:  wire
		num positions      :  78
		num normals        :  78
		num tangents       :  0
		num uvs            :  156
		num uvs2           :  0
		num colors         :  0
		num triangles      :  32
	processing begun of mesh:  verticalspanel1
		animation processing begun
			processing action verticalsleftAction:  in[0 - 270], out[0 - 270]
		processing begun of material:  wire
		registered as also a user of material:  wire
		num positions      :  111
		num normals        :  111
		num tangents       :  0
		num uvs            :  222
		num uvs2           :  0
		num colors         :  0
		num triangles      :  64
	processing begun of mesh:  verticalspanel2left
		animation processing begun
			processing action verticalsrightAction:  in[0 - 270], out[0 - 270]
		processing begun of material:  wire
		registered as also a user of material:  wire
		num positions      :  73
		num normals        :  73
		num tangents       :  0
		num uvs            :  146
		num uvs2           :  0
		num colors         :  0
		num triangles      :  32
	processing begun of mesh:  panel1
		animation processing begun
			processing action panelleftAction:  in[0 - 270], out[0 - 270]
		processing begun of material:  wire
		registered as also a user of material:  wire
		num positions      :  1895
		num normals        :  1895
		num tangents       :  0
		num uvs            :  3790
		num uvs2           :  0
		num colors         :  0
		num triangles      :  896
	processing begun of mesh:  horizontalsbottomright
		animation processing begun
			processing action horizontalsbottomrightAction:  in[0 - 270], out[0 - 270]
		processing begun of material:  wire
		registered as also a user of material:  wire
		num positions      :  36
		num normals        :  36
		num tangents       :  0
		num uvs            :  72
		num uvs2           :  0
		num colors         :  0
		num triangles      :  16
	processing begun of mesh:  horizontalsbottomleft
		animation processing begun
			processing action horizontalsbottomleftAction:  in[0 - 270], out[0 - 270]
		processing begun of material:  wire
		registered as also a user of material:  wire
		num positions      :  37
		num normals        :  37
		num tangents       :  0
		num uvs            :  74
		num uvs2           :  0
		num colors         :  0
		num triangles      :  16
	processing begun of mesh:  cornertopright
		animation processing begun
			processing action cornertoprightAction:  in[0 - 270], out[0 - 270]
		processing begun of material:  wire
		processing begun of material:  lighter
		registered as also a user of material:  wire
		processing begun of multimaterial:  hud2.Multimaterial#0
		num positions      :  436
		num normals        :  436
		num tangents       :  0
		num uvs            :  872
		num uvs2           :  0
		num colors         :  0
		num triangles      :  344
	processing begun of mesh:  cornertopleft
		animation processing begun
			processing action cornertopleftAction:  in[0 - 270], out[0 - 270]
		processing begun of material:  wire
		registered as also a user of material:  wire
		num positions      :  555
		num normals        :  555
		num tangents       :  0
		num uvs            :  1110
		num uvs2           :  0
		num colors         :  0
		num triangles      :  208
	processing begun of mesh:  cornerbottomright
		animation processing begun
			processing action cornerbottomrightAction:  in[0 - 270], out[0 - 270]
		processing begun of material:  wire
		registered as also a user of material:  wire
		num positions      :  536
		num normals        :  536
		num tangents       :  0
		num uvs            :  1072
		num uvs2           :  0
		num colors         :  0
		num triangles      :  208
	processing begun of mesh:  hingetopleft
		animation processing begun
			processing action hingetopleftAction:  in[0 - 270], out[0 - 270]
		processing begun of material:  wire
		registered as also a user of material:  wire
		num positions      :  55
		num normals        :  55
		num tangents       :  0
		num uvs            :  110
		num uvs2           :  0
		num colors         :  0
		num triangles      :  28
	processing begun of mesh:  hingetopright
		animation processing begun
			processing action hingetoprightAction:  in[0 - 270], out[0 - 270]
		processing begun of material:  wire
		registered as also a user of material:  wire
		num positions      :  55
		num normals        :  55
		num tangents       :  0
		num uvs            :  110
		num uvs2           :  0
		num colors         :  0
		num triangles      :  28
	processing begun of mesh:  hingebottomleft
		animation processing begun
			processing action hingebottomleftAction:  in[0 - 270], out[0 - 270]
		processing begun of material:  wire
		registered as also a user of material:  wire
		num positions      :  55
		num normals        :  55
		num tangents       :  0
		num uvs            :  110
		num uvs2           :  0
		num colors         :  0
		num triangles      :  28
	processing begun of mesh:  hingebottomright
		animation processing begun
			processing action hingebottomrightAction:  in[0 - 270], out[0 - 270]
		processing begun of material:  wire
		registered as also a user of material:  wire
		num positions      :  55
		num normals        :  55
		num tangents       :  0
		num uvs            :  110
		num uvs2           :  0
		num colors         :  0
		num triangles      :  28
	processing begun of mesh:  menuleft
		animation processing begun
			processing action menuleftAction:  in[0 - 270], out[0 - 270]
		processing begun of material:  transparent
		num positions      :  29
		num normals        :  29
		num tangents       :  0
		num uvs            :  58
		num uvs2           :  0
		num colors         :  0
		num triangles      :  12
	processing begun of mesh:  menuright
		animation processing begun
			processing action menurightAction:  in[0 - 270], out[0 - 270]
		processing begun of material:  transparent
		registered as also a user of material:  transparent
		num positions      :  29
		num normals        :  29
		num tangents       :  0
		num uvs            :  58
		num uvs2           :  0
		num colors         :  0
		num triangles      :  12
	processing begun of mesh:  menucenter
		animation processing begun
			processing action menucenterAction:  in[0 - 270], out[0 - 270]
		processing begun of material:  transparent
		registered as also a user of material:  transparent
		num positions      :  29
		num normals        :  29
		num tangents       :  0
		num uvs            :  58
		num uvs2           :  0
		num colors         :  0
		num triangles      :  12
	processing begun of mesh:  verticalsright
		animation processing begun
			processing action verticalsrightAction.001:  in[0 - 270], out[0 - 270]
		processing begun of material:  wire
		registered as also a user of material:  wire
		num positions      :  36
		num normals        :  36
		num tangents       :  0
		num uvs            :  72
		num uvs2           :  0
		num colors         :  0
		num triangles      :  32
	processing begun of mesh:  horizontalstopright
		animation processing begun
			processing action horizontalstoprightAction:  in[0 - 270], out[0 - 270]
		processing begun of material:  wire
		registered as also a user of material:  wire
		num positions      :  18
		num normals        :  18
		num tangents       :  0
		num uvs            :  36
		num uvs2           :  0
		num colors         :  0
		num triangles      :  16
	processing begun of mesh:  horizontalstopleft
		animation processing begun
			processing action horizontalstopleftAction:  in[0 - 270], out[0 - 270]
		processing begun of material:  wire
		registered as also a user of material:  wire
		num positions      :  18
		num normals        :  18
		num tangents       :  0
		num uvs            :  36
		num uvs2           :  0
		num colors         :  0
		num triangles      :  16
	processing begun of mesh:  horizontalstop
		animation processing begun
			processing action horizontalsAction.001:  in[0 - 270], out[0 - 270]
		processing begun of material:  wire
		registered as also a user of material:  wire
		num positions      :  30
		num normals        :  30
		num tangents       :  0
		num uvs            :  60
		num uvs2           :  0
		num colors         :  0
		num triangles      :  32
	processing begun of mesh:  panel1bottom
		animation processing begun
			processing action panelleftAction.001:  in[0 - 270], out[0 - 270]
		processing begun of material:  wire
		registered as also a user of material:  wire
		num positions      :  1141
		num normals        :  1141
		num tangents       :  0
		num uvs            :  2282
		num uvs2           :  0
		num colors         :  0
		num triangles      :  448
	processing begun of mesh:  verticalspanel2right
		animation processing begun
			processing action verticalsrightAction.002:  in[0 - 270], out[0 - 270]
		processing begun of material:  wire
		registered as also a user of material:  wire
		num positions      :  83
		num normals        :  83
		num tangents       :  0
		num uvs            :  166
		num uvs2           :  0
		num colors         :  0
		num triangles      :  32
	processing begun of mesh:  panel2bottomright
		animation processing begun
			processing action panelrightAction.001:  in[0 - 270], out[0 - 270]
		processing begun of material:  wire
		registered as also a user of material:  wire
		num positions      :  553
		num normals        :  553
		num tangents       :  0
		num uvs            :  1106
		num uvs2           :  0
		num colors         :  0
		num triangles      :  208
	processing begun of mesh:  panel2bottomleft
		animation processing begun
			processing action panelrightAction.002:  in[0 - 270], out[0 - 270]
		processing begun of material:  wire
		registered as also a user of material:  wire
		num positions      :  521
		num normals        :  521
		num tangents       :  0
		num uvs            :  1042
		num uvs2           :  0
		num colors         :  0
		num triangles      :  208
	processing begun of mesh:  panel2right
		animation processing begun
			processing action panelrightAction.003:  in[0 - 270], out[0 - 270]
		processing begun of material:  wire
		registered as also a user of material:  wire
		num positions      :  553
		num normals        :  553
		num tangents       :  0
		num uvs            :  1106
		num uvs2           :  0
		num colors         :  0
		num triangles      :  208
	processing begun of mesh:  panel2left
		animation processing begun
			processing action panelrightAction.004:  in[0 - 270], out[0 - 270]
		processing begun of material:  wire
		registered as also a user of material:  wire
		num positions      :  522
		num normals        :  522
		num tangents       :  0
		num uvs            :  1044
		num uvs2           :  0
		num colors         :  0
		num triangles      :  208
	processing begun of mesh:  panel2topright
		animation processing begun
			processing action panelrightAction.005:  in[0 - 270], out[0 - 270]
		processing begun of material:  wire
		registered as also a user of material:  wire
		num positions      :  522
		num normals        :  522
		num tangents       :  0
		num uvs            :  1044
		num uvs2           :  0
		num colors         :  0
		num triangles      :  208
	processing begun of mesh:  panel2topleft
		animation processing begun
			processing action panelrightAction.006:  in[0 - 270], out[0 - 270]
		processing begun of material:  wire
		registered as also a user of material:  wire
		num positions      :  551
		num normals        :  551
		num tangents       :  0
		num uvs            :  1102
		num uvs2           :  0
		num colors         :  0
		num triangles      :  208
	processing begun of mesh:  panel2bottom
		animation processing begun
			processing action panelrightAction.007:  in[0 - 270], out[0 - 270]
		processing begun of material:  wire
		registered as also a user of material:  wire
		num positions      :  76
		num normals        :  76
		num tangents       :  0
		num uvs            :  152
		num uvs2           :  0
		num colors         :  0
		num triangles      :  32
	processing begun of mesh:  horizontalstop-imageframe
		animation processing begun
			processing action horizontalsAction.002:  in[0 - 270], out[0 - 270]
		processing begun of material:  highlight
		num positions      :  52
		num normals        :  52
		num tangents       :  0
		num uvs            :  104
		num uvs2           :  0
		num colors         :  0
		num triangles      :  28
	processing begun of mesh:  horizontalstopleft-imageframe
		animation processing begun
			processing action horizontalstopleftAction.001:  in[0 - 270], out[0 - 270]
		processing begun of material:  highlight
		registered as also a user of material:  highlight
		num positions      :  24
		num normals        :  24
		num tangents       :  0
		num uvs            :  48
		num uvs2           :  0
		num colors         :  0
		num triangles      :  16
	processing begun of mesh:  cornertopleft-imageframe
		animation processing begun
			processing action cornertopleftAction.001:  in[0 - 270], out[0 - 270]
		processing begun of material:  highlight
		registered as also a user of material:  highlight
		num positions      :  553
		num normals        :  553
		num tangents       :  0
		num uvs            :  1106
		num uvs2           :  0
		num colors         :  0
		num triangles      :  208
	processing begun of mesh:  verticalsleft-imageframe
		animation processing begun
			processing action verticalsleftAction.002:  in[0 - 270], out[0 - 270]
		processing begun of material:  highlight
		registered as also a user of material:  highlight
		num positions      :  76
		num normals        :  76
		num tangents       :  0
		num uvs            :  152
		num uvs2           :  0
		num colors         :  0
		num triangles      :  32
	processing begun of mesh:  cornerbottomleft-imageframe
		animation processing begun
			processing action cornerbottomleftAction.001:  in[0 - 270], out[0 - 270]
		processing begun of material:  highlight
		registered as also a user of material:  highlight
		num positions      :  524
		num normals        :  524
		num tangents       :  0
		num uvs            :  1048
		num uvs2           :  0
		num colors         :  0
		num triangles      :  208
	processing begun of mesh:  horizontalsbottomleft-imageframe
		animation processing begun
			processing action horizontalsbottomleftAction.001:  in[0 - 270], out[0 - 270]
		processing begun of material:  highlight
		registered as also a user of material:  highlight
		num positions      :  36
		num normals        :  36
		num tangents       :  0
		num uvs            :  72
		num uvs2           :  0
		num colors         :  0
		num triangles      :  16
	processing begun of mesh:  horizontalsbottom-imageframe
		animation processing begun
			processing action horizontalsAction.003:  in[0 - 270], out[0 - 270]
		processing begun of material:  highlight
		registered as also a user of material:  highlight
		num positions      :  52
		num normals        :  52
		num tangents       :  0
		num uvs            :  104
		num uvs2           :  0
		num colors         :  0
		num triangles      :  28
	processing begun of mesh:  horizontalsbottomright-imageframe
		animation processing begun
			processing action horizontalsbottomrightAction.001:  in[0 - 270], out[0 - 270]
		processing begun of material:  highlight
		registered as also a user of material:  highlight
		num positions      :  36
		num normals        :  36
		num tangents       :  0
		num uvs            :  72
		num uvs2           :  0
		num colors         :  0
		num triangles      :  16
	processing begun of mesh:  cornerbottomright-imageframe
		animation processing begun
			processing action cornerbottomrightAction.001:  in[0 - 270], out[0 - 270]
		processing begun of material:  highlight
		registered as also a user of material:  highlight
		num positions      :  536
		num normals        :  536
		num tangents       :  0
		num uvs            :  1072
		num uvs2           :  0
		num colors         :  0
		num triangles      :  208
	processing begun of mesh:  verticalsright-imageframe
		animation processing begun
			processing action verticalsrightAction.003:  in[0 - 270], out[0 - 270]
		processing begun of material:  highlight
		registered as also a user of material:  highlight
		num positions      :  35
		num normals        :  35
		num tangents       :  0
		num uvs            :  70
		num uvs2           :  0
		num colors         :  0
		num triangles      :  32
	processing begun of mesh:  cornertopright-imageframe
		animation processing begun
			processing action cornertoprightAction.001:  in[0 - 270], out[0 - 270]
		processing begun of material:  highlight
		registered as also a user of material:  highlight
		num positions      :  152
		num normals        :  152
		num tangents       :  0
		num uvs            :  304
		num uvs2           :  0
		num colors         :  0
		num triangles      :  208
	processing begun of mesh:  horizontalstopright-imageframe
		animation processing begun
			processing action horizontalstoprightAction.001:  in[0 - 270], out[0 - 270]
		processing begun of material:  highlight
		registered as also a user of material:  highlight
		num positions      :  18
		num normals        :  18
		num tangents       :  0
		num uvs            :  36
		num uvs2           :  0
		num colors         :  0
		num triangles      :  16
	processing begun of mesh:  menuitem
		processing begun of material:  wire
		registered as also a user of material:  wire
		num positions      :  133
		num normals        :  133
		num tangents       :  0
		num uvs            :  266
		num uvs2           :  0
		num colors         :  0
		num triangles      :  92
	processing begun of mesh:  textbox
		processing begun of material:  wire
		registered as also a user of material:  wire
		num positions      :  44
		num normals        :  44
		num tangents       :  0
		num uvs            :  88
		num uvs2           :  0
		num colors         :  0
		num triangles      :  36
	processing begun of mesh:  slider
		processing begun of material:  wire
		registered as also a user of material:  wire
		num positions      :  26
		num normals        :  26
		num tangents       :  0
		num uvs            :  52
		num uvs2           :  0
		num colors         :  0
		num triangles      :  20
	processing begun of mesh:  slidertab
		processing begun of material:  lighter
		processing begun of material:  wire
		registered as also a user of material:  lighter
		registered as also a user of material:  wire
		processing begun of multimaterial:  hud2.Multimaterial#1
		num positions      :  44
		num normals        :  44
		num tangents       :  0
		num uvs            :  88
		num uvs2           :  0
		num colors         :  0
		num triangles      :  40
	processing begun of mesh:  sliderright
		processing begun of material:  wire
		processing begun of material:  lighter
		registered as also a user of material:  wire
		registered as also a user of material:  lighter
		processing begun of multimaterial:  hud2.Multimaterial#2
		num positions      :  61
		num normals        :  61
		num tangents       :  0
		num uvs            :  122
		num uvs2           :  0
		num colors         :  0
		num triangles      :  24
	processing begun of mesh:  sliderleft
		processing begun of material:  wire
		processing begun of material:  lighter
		registered as also a user of material:  wire
		registered as also a user of material:  lighter
		processing begun of multimaterial:  hud2.Multimaterial#3
		num positions      :  61
		num normals        :  61
		num tangents       :  0
		num uvs            :  122
		num uvs2           :  0
		num colors         :  0
		num triangles      :  24
	processing begun of mesh:  backgroundright
		animation processing begun
			processing action horizontalsbottomrightAction.002:  in[0 - 270], out[0 - 270]
		processing begun of material:  background
		num positions      :  4
		num normals        :  4
		num tangents       :  0
		num uvs            :  0
		num uvs2           :  0
		num colors         :  0
		num triangles      :  2
	processing begun of mesh:  backgroundsideright
		animation processing begun
			processing action horizontalsbottomrightAction.003:  in[0 - 270], out[0 - 270]
		processing begun of material:  background
		registered as also a user of material:  background
		num positions      :  5
		num normals        :  5
		num tangents       :  0
		num uvs            :  0
		num uvs2           :  0
		num colors         :  0
		num triangles      :  3
	processing begun of mesh:  backgroundtopright
		animation processing begun
			processing action horizontalsbottomrightAction.004:  in[0 - 270], out[0 - 270]
		processing begun of material:  background
		registered as also a user of material:  background
		num positions      :  18
		num normals        :  18
		num tangents       :  0
		num uvs            :  0
		num uvs2           :  0
		num colors         :  0
		num triangles      :  14
		WARNING: # of 0 area faces found:  1
	processing begun of mesh:  backgroundbottomright
		animation processing begun
			processing action horizontalsbottomrightAction.007:  in[0 - 270], out[0 - 270]
		processing begun of material:  background
		registered as also a user of material:  background
		num positions      :  18
		num normals        :  18
		num tangents       :  0
		num uvs            :  0
		num uvs2           :  0
		num colors         :  0
		num triangles      :  14
		WARNING: # of 0 area faces found:  1
	processing begun of mesh:  backgroundcenter
		animation processing begun
			processing action horizontalsAction.004:  in[0 - 270], out[0 - 270]
		processing begun of material:  background
		registered as also a user of material:  background
		num positions      :  4
		num normals        :  4
		num tangents       :  0
		num uvs            :  0
		num uvs2           :  0
		num colors         :  0
		num triangles      :  2
	processing begun of mesh:  backgroundleft
		animation processing begun
			processing action horizontalsbottomleftAction.002:  in[0 - 270], out[0 - 270]
		processing begun of material:  background
		registered as also a user of material:  background
		num positions      :  4
		num normals        :  4
		num tangents       :  0
		num uvs            :  0
		num uvs2           :  0
		num colors         :  0
		num triangles      :  2
	processing begun of mesh:  backgroundsideleft
		animation processing begun
			processing action horizontalsbottomleftAction.003:  in[0 - 270], out[0 - 270]
		processing begun of material:  background
		registered as also a user of material:  background
		num positions      :  4
		num normals        :  4
		num tangents       :  0
		num uvs            :  0
		num uvs2           :  0
		num colors         :  0
		num triangles      :  2
	processing begun of mesh:  backgroundtopleft
		animation processing begun
			processing action horizontalsbottomleftAction.004:  in[0 - 270], out[0 - 270]
		processing begun of material:  background
		processing begun of material:  highlight
		registered as also a user of material:  background
		registered as also a user of material:  highlight
		processing begun of multimaterial:  hud2.Multimaterial#4
		num positions      :  15
		num normals        :  15
		num tangents       :  0
		num uvs            :  0
		num uvs2           :  0
		num colors         :  0
		num triangles      :  13
	processing begun of mesh:  backgroundbottomleft
		animation processing begun
			processing action horizontalsbottomleftAction.005:  in[0 - 270], out[0 - 270]
		processing begun of material:  background
		processing begun of material:  highlight
		registered as also a user of material:  background
		registered as also a user of material:  highlight
		processing begun of multimaterial:  hud2.Multimaterial#5
		num positions      :  15
		num normals        :  15
		num tangents       :  0
		num uvs            :  0
		num uvs2           :  0
		num colors         :  0
		num triangles      :  13
	processing begun of light (DIRECTIONAL):  Light
========= Writing of JSON file started =========
	writing mesh:  horizontalsbottom
	writing mesh:  panel2
	writing mesh:  cornerbottomleft
	writing mesh:  verticalsleft
	writing mesh:  verticalspanel1
	writing mesh:  verticalspanel2left
	writing mesh:  panel1
	writing mesh:  horizontalsbottomright
	writing mesh:  horizontalsbottomleft
	writing mesh:  cornertopright
	writing mesh:  cornertopleft
	writing mesh:  cornerbottomright
	writing mesh:  hingetopleft
	writing mesh:  hingetopright
	writing mesh:  hingebottomleft
	writing mesh:  hingebottomright
	writing mesh:  menuleft
	writing mesh:  menuright
	writing mesh:  menucenter
	writing mesh:  verticalsright
	writing mesh:  horizontalstopright
	writing mesh:  horizontalstopleft
	writing mesh:  horizontalstop
	writing mesh:  panel1bottom
	writing mesh:  verticalspanel2right
	writing mesh:  panel2bottomright
	writing mesh:  panel2bottomleft
	writing mesh:  panel2right
	writing mesh:  panel2left
	writing mesh:  panel2topright
	writing mesh:  panel2topleft
	writing mesh:  panel2bottom
	writing mesh:  horizontalstop-imageframe
	writing mesh:  horizontalstopleft-imageframe
	writing mesh:  cornertopleft-imageframe
	writing mesh:  verticalsleft-imageframe
	writing mesh:  cornerbottomleft-imageframe
	writing mesh:  horizontalsbottomleft-imageframe
	writing mesh:  horizontalsbottom-imageframe
	writing mesh:  horizontalsbottomright-imageframe
	writing mesh:  cornerbottomright-imageframe
	writing mesh:  verticalsright-imageframe
	writing mesh:  cornertopright-imageframe
	writing mesh:  horizontalstopright-imageframe
	writing mesh:  menuitem
	writing mesh:  textbox
	writing mesh:  slider
	writing mesh:  slidertab
	writing mesh:  sliderright
	writing mesh:  sliderleft
	writing mesh:  backgroundright
	writing mesh:  backgroundsideright
	writing mesh:  backgroundtopright
	writing mesh:  backgroundbottomright
	writing mesh:  backgroundcenter
	writing mesh:  backgroundleft
	writing mesh:  backgroundsideleft
	writing mesh:  backgroundtopleft
	writing mesh:  backgroundbottomleft
========= Writing of JSON file completed =========
========= end of processing =========
elapsed time:  0 min, 2.585 secs
