Exporter version: 2.80.1, Blender version: 2.90.0
========= Conversion from Blender to Babylon.js =========
	Scene settings used :
		Inline textures     :  false
		Material Type       :  PBR
		Positions Precision :  4
		Normals Precision   :  3
		UVs Precision       :  3
		Vert Color Precision:  3
		Mat Weight Precision:  2
		Keep Z-up r-handed  :  no
		Texture directory   :  D:\Data\HTTP3DInc\Blender\spawnzone\
	Python World class constructor completed
	processing begun of mesh:  base
		processing begun of material:  base
		processing begun of material:  basetop
		processing begun of material:  yellow
		processing begun of material:  black
		processing begun of multimaterial:  spawnzone.Multimaterial#0
		num positions      :  228
		num normals        :  228
		num tangents       :  0
		num uvs            :  456
		num uvs2           :  0
		num colors         :  0
		num triangles      :  289
	processing begun of camera (UniversalCamera):  Camera
	processing begun of light (POINT):  Light
========= Writing of JSON file started =========
	writing mesh:  base
========= Writing of JSON file completed =========
========= end of processing =========
elapsed time:  0 min, 0.0337 secs
