Exporter version: 2.80.1, Blender version: 2.90.0
========= Conversion from Blender to Babylon.js =========
	Scene settings used :
		Inline textures     :  false
		Material Type       :  PBR
		Positions Precision :  4
		Normals Precision   :  3
		UVs Precision       :  3
		Vert Color Precision:  3
		Mat Weight Precision:  2
		Keep Z-up r-handed  :  no
		Texture directory   :  D:\Data\HTTP3DInc\Blender\compass\
	Python World class constructor completed
	processing begun of camera (UniversalCamera):  Camera
	processing begun of mesh:  compass
		processing begun of material:  background
		processing begun of material:  dark
		processing begun of material:  white
		processing begun of material:  silver
			processing texture metal007_metalness
				texture type:  metallicTexture, mapped using: "UVMap"
			processing texture metal007_roughness
				texture type:  value not meaningful 2, mapped using: "UVMap"
			processing texture metal007_normal
				texture type:  bumpTexture, mapped using: "UVMap"
			processing texture metal038_color
				texture type:  diffuseTexture, mapped using: "UVMap"
			processing texture metal038_metalness
				texture type:  metallicTexture, mapped using: "UVMap"
			processing texture metal038_roughness
				texture type:  value not meaningful 2, mapped using: "UVMap"
			processing texture metal038_normal
				texture type:  bumpTexture, mapped using: "UVMap"
		processing begun of multimaterial:  compass.Multimaterial#0
		Custom split normals with tangents being used
		num positions      :  2017
		num normals        :  2017
		num tangents       :  8068
		num uvs            :  4034
		num uvs2           :  0
		num colors         :  0
		num triangles      :  2350
	processing begun of mesh:  rose
		processing begun of material:  background
		processing begun of material:  glass
		processing begun of material:  dark
		processing begun of material:  light
		processing begun of material:  white
		processing begun of material:  letters
		processing begun of material:  silver
		registered as also a user of material:  background
		registered as also a user of material:  dark
		registered as also a user of material:  white
		registered as also a user of material:  silver
		processing begun of multimaterial:  compass.Multimaterial#1
		Custom split normals with tangents being used
		num positions      :  1144
		num normals        :  1144
		num tangents       :  4576
		num uvs            :  2288
		num uvs2           :  0
		num colors         :  0
		num triangles      :  902
	processing begun of mesh:  closest
		processing begun of material:  closest
		Custom split normals with tangents being used
		num positions      :  98
		num normals        :  98
		num tangents       :  392
		num uvs            :  196
		num uvs2           :  0
		num colors         :  0
		num triangles      :  40
	processing begun of light (POINT):  Light
========= Writing of JSON file started =========
	writing mesh:  compass
	writing mesh:  rose
	writing mesh:  closest
========= Writing of JSON file completed =========
========= end of processing =========
elapsed time:  0 min, 0.9982 secs
