Exporter version: 6.4.4, Blender version: 2.90.0
========= Conversion from Blender to Babylon.js =========
	Scene settings used :
		Inline textures     :  false
		Material Type       :  PBR
		Positions Precision :  4
		Normals Precision   :  3
		UVs Precision       :  3
		Vert Color Precision:  3
		Mat Weight Precision:  2
		Keep Z-up r-handed  :  no
		Texture directory   :  D:\Data\HTTP3DInc\Blender\buildingmarker\
	Python World class constructor completed
	processing begun of mesh:  base
		processing begun of material:  base
		processing begun of material:  basetop
		processing begun of material:  yellow
		processing begun of material:  black
		processing begun of multimaterial:  buildingmarker.Multimaterial#0
		num positions      :  117
		num normals        :  117
		num tangents       :  0
		num uvs            :  234
		num uvs2           :  0
		num colors         :  0
		num triangles      :  51
	processing begun of camera (UniversalCamera):  Camera
	processing begun of mesh:  guides
		processing begun of material:  base
		processing begun of material:  basetop
		processing begun of material:  yellow
		processing begun of material:  black
		registered as also a user of material:  base
		registered as also a user of material:  basetop
		registered as also a user of material:  yellow
		registered as also a user of material:  black
		processing begun of multimaterial:  buildingmarker.Multimaterial#1
		num positions      :  745
		num normals        :  745
		num tangents       :  0
		num uvs            :  1490
		num uvs2           :  0
		num colors         :  0
		num triangles      :  644
	processing begun of light (POINT):  Light
========= Writing of JSON file started =========
	writing mesh:  base
	writing mesh:  guides
========= Writing of JSON file completed =========
========= end of processing =========
elapsed time:  0 min, 0.1917 secs
