Exporter version: 3.3.0, Blender version: 3.3.1
========= Conversion from Blender to Babylon.js =========
	Scene settings used :
		Inline textures     :  false
		Material Type       :  PBR
		Positions Precision :  4
		Normals Precision   :  3
		UVs Precision       :  3
		Vert Color Precision:  3
		Mat Weight Precision:  2
		Keep Z-up r-handed  :  no
		Texture directory   :  C:\Data\HTTP3DInc\Blender\menus\
	Python World class constructor completed
	processing begun of mesh:  loginbox
		processing begun of material:  gray
		processing begun of material:  background
		processing begun of material:  blue
		processing begun of multimaterial:  wtw_login.Multimaterial#0
		num positions      :  11403
		num normals        :  11403
		num tangents       :  0
		num uvs            :  22806
		num uvs2           :  0
		num colors         :  0
		num triangles      :  18366
	processing begun of camera (UniversalCamera):  Camera
	processing begun of mesh:  button-login
		animation processing begun
			processing action loginAction:  in[1 - 100], out[0 - 100]
		processing begun of material:  blue
		processing begun of material:  background
		processing begun of material:  white
		registered as also a user of material:  blue
		registered as also a user of material:  background
		processing begun of multimaterial:  wtw_login.Multimaterial#1
		num positions      :  171
		num normals        :  171
		num tangents       :  0
		num uvs            :  342
		num uvs2           :  0
		num colors         :  0
		num triangles      :  84
	processing begun of mesh:  button-createlink
		animation processing begun
			processing action createAction:  in[1 - 100], out[0 - 100]
		processing begun of material:  gray
		processing begun of material:  background
		processing begun of material:  blue
		registered as also a user of material:  gray
		registered as also a user of material:  background
		registered as also a user of material:  blue
		processing begun of multimaterial:  wtw_login.Multimaterial#2
		num positions      :  171
		num normals        :  171
		num tangents       :  0
		num uvs            :  342
		num uvs2           :  0
		num colors         :  0
		num triangles      :  84
	processing begun of mesh:  button-forgot
		animation processing begun
			processing action forgotAction:  in[1 - 100], out[0 - 100]
		processing begun of material:  gray
		processing begun of material:  background
		processing begun of material:  blue
		registered as also a user of material:  gray
		registered as also a user of material:  background
		registered as also a user of material:  blue
		processing begun of multimaterial:  wtw_login.Multimaterial#3
		num positions      :  171
		num normals        :  171
		num tangents       :  0
		num uvs            :  342
		num uvs2           :  0
		num colors         :  0
		num triangles      :  84
	processing begun of mesh:  button-cancellogin
		animation processing begun
			processing action cancelAction:  in[1 - 100], out[0 - 100]
		processing begun of material:  gray
		processing begun of material:  background
		processing begun of material:  blue
		registered as also a user of material:  gray
		registered as also a user of material:  background
		registered as also a user of material:  blue
		processing begun of multimaterial:  wtw_login.Multimaterial#4
		num positions      :  171
		num normals        :  171
		num tangents       :  0
		num uvs            :  342
		num uvs2           :  0
		num colors         :  0
		num triangles      :  84
	processing begun of mesh:  password-password
		processing begun of material:  yellow
		processing begun of material:  white
		registered as also a user of material:  white
		processing begun of multimaterial:  wtw_login.Multimaterial#5
		num positions      :  22
		num normals        :  22
		num tangents       :  0
		num uvs            :  44
		num uvs2           :  0
		num colors         :  0
		num triangles      :  20
	processing begun of mesh:  email-email
		processing begun of material:  yellow
		processing begun of material:  white
		registered as also a user of material:  yellow
		registered as also a user of material:  white
		processing begun of multimaterial:  wtw_login.Multimaterial#6
		num positions      :  22
		num normals        :  22
		num tangents       :  0
		num uvs            :  44
		num uvs2           :  0
		num colors         :  0
		num triangles      :  20
	processing begun of mesh:  check-remember
		processing begun of material:  yellow
		processing begun of material:  white
		registered as also a user of material:  yellow
		registered as also a user of material:  white
		processing begun of multimaterial:  wtw_login.Multimaterial#7
		num positions      :  22
		num normals        :  22
		num tangents       :  0
		num uvs            :  44
		num uvs2           :  0
		num colors         :  0
		num triangles      :  20
	processing begun of mesh:  check-remembertext
		processing begun of material:  gray
		processing begun of material:  background
		processing begun of material:  blue
		registered as also a user of material:  gray
		registered as also a user of material:  background
		registered as also a user of material:  blue
		processing begun of multimaterial:  wtw_login.Multimaterial#8
		num positions      :  9139
		num normals        :  9139
		num tangents       :  0
		num uvs            :  18278
		num uvs2           :  0
		num colors         :  0
		num triangles      :  14864
	processing begun of mesh:  invalidlogin
		processing begun of material:  red
		num positions      :  9479
		num normals        :  9479
		num tangents       :  0
		num uvs            :  18958
		num uvs2           :  0
		num colors         :  0
		num triangles      :  15239
		WARNING: # of 0 area faces found:  4
	processing begun of mesh:  titlewtw
		processing begun of material:  gray
		processing begun of material:  background
		processing begun of material:  blue
		registered as also a user of material:  gray
		registered as also a user of material:  background
		registered as also a user of material:  blue
		processing begun of multimaterial:  wtw_login.Multimaterial#9
		num positions      :  11771
		num normals        :  11771
		num tangents       :  0
		num uvs            :  23542
		num uvs2           :  0
		num colors         :  0
		num triangles      :  18826
	processing begun of mesh:  titlelocal
		processing begun of material:  blue
		registered as also a user of material:  blue
		num positions      :  9403
		num normals        :  9403
		num tangents       :  0
		num uvs            :  18806
		num uvs2           :  0
		num colors         :  0
		num triangles      :  15276
		WARNING: # of 0 area faces found:  8
	processing begun of mesh:  email-emailborder
		processing begun of material:  gray
		processing begun of material:  background
		processing begun of material:  blue
		registered as also a user of material:  gray
		registered as also a user of material:  background
		registered as also a user of material:  blue
		processing begun of multimaterial:  wtw_login.Multimaterial#10
		num positions      :  173
		num normals        :  173
		num tangents       :  0
		num uvs            :  346
		num uvs2           :  0
		num colors         :  0
		num triangles      :  152
	processing begun of mesh:  password-passwordborder
		processing begun of material:  gray
		processing begun of material:  background
		processing begun of material:  blue
		registered as also a user of material:  gray
		registered as also a user of material:  background
		registered as also a user of material:  blue
		processing begun of multimaterial:  wtw_login.Multimaterial#11
		num positions      :  174
		num normals        :  174
		num tangents       :  0
		num uvs            :  348
		num uvs2           :  0
		num colors         :  0
		num triangles      :  152
	processing begun of mesh:  check-rememberborder
		processing begun of material:  gray
		processing begun of material:  background
		processing begun of material:  blue
		registered as also a user of material:  gray
		registered as also a user of material:  background
		registered as also a user of material:  blue
		processing begun of multimaterial:  wtw_login.Multimaterial#12
		num positions      :  172
		num normals        :  172
		num tangents       :  0
		num uvs            :  344
		num uvs2           :  0
		num colors         :  0
		num triangles      :  152
	processing begun of mesh:  button-logintext
		processing begun of material:  blue
		processing begun of material:  background
		processing begun of material:  white
		registered as also a user of material:  blue
		registered as also a user of material:  background
		registered as also a user of material:  white
		processing begun of multimaterial:  wtw_login.Multimaterial#13
		num positions      :  5421
		num normals        :  5421
		num tangents       :  0
		num uvs            :  10842
		num uvs2           :  0
		num colors         :  0
		num triangles      :  8762
	processing begun of mesh:  button-createlinktext
		processing begun of material:  gray
		processing begun of material:  background
		processing begun of material:  blue
		registered as also a user of material:  gray
		registered as also a user of material:  background
		registered as also a user of material:  blue
		processing begun of multimaterial:  wtw_login.Multimaterial#14
		num positions      :  11249
		num normals        :  11249
		num tangents       :  0
		num uvs            :  22498
		num uvs2           :  0
		num colors         :  0
		num triangles      :  18347
		WARNING: # of 0 area faces found:  14
	processing begun of mesh:  button-forgottext
		processing begun of material:  gray
		processing begun of material:  background
		processing begun of material:  blue
		registered as also a user of material:  gray
		registered as also a user of material:  background
		registered as also a user of material:  blue
		processing begun of multimaterial:  wtw_login.Multimaterial#15
		num positions      :  15298
		num normals        :  15298
		num tangents       :  0
		num uvs            :  30596
		num uvs2           :  0
		num colors         :  0
		num triangles      :  25016
		WARNING: # of 0 area faces found:  8
	processing begun of mesh:  button-cancellogintext
		processing begun of material:  gray
		processing begun of material:  background
		processing begun of material:  blue
		registered as also a user of material:  gray
		registered as also a user of material:  background
		registered as also a user of material:  blue
		processing begun of multimaterial:  wtw_login.Multimaterial#16
		num positions      :  5160
		num normals        :  5160
		num tangents       :  0
		num uvs            :  10320
		num uvs2           :  0
		num colors         :  0
		num triangles      :  8534
		WARNING: # of 0 area faces found:  10
	processing begun of mesh:  email-emailborderfocus
		processing begun of material:  gray
		processing begun of material:  background
		processing begun of material:  blue
		registered as also a user of material:  gray
		registered as also a user of material:  background
		registered as also a user of material:  blue
		processing begun of multimaterial:  wtw_login.Multimaterial#17
		num positions      :  173
		num normals        :  173
		num tangents       :  0
		num uvs            :  346
		num uvs2           :  0
		num colors         :  0
		num triangles      :  152
	processing begun of mesh:  password-passwordborderfocus
		processing begun of material:  gray
		processing begun of material:  background
		processing begun of material:  blue
		registered as also a user of material:  gray
		registered as also a user of material:  background
		registered as also a user of material:  blue
		processing begun of multimaterial:  wtw_login.Multimaterial#18
		num positions      :  174
		num normals        :  174
		num tangents       :  0
		num uvs            :  348
		num uvs2           :  0
		num colors         :  0
		num triangles      :  152
	processing begun of mesh:  check-rememberborderfocus
		processing begun of material:  gray
		processing begun of material:  background
		processing begun of material:  blue
		registered as also a user of material:  gray
		registered as also a user of material:  background
		registered as also a user of material:  blue
		processing begun of multimaterial:  wtw_login.Multimaterial#19
		num positions      :  172
		num normals        :  172
		num tangents       :  0
		num uvs            :  344
		num uvs2           :  0
		num colors         :  0
		num triangles      :  152
	processing begun of mesh:  white
		processing begun of material:  white
		registered as also a user of material:  white
		num positions      :  4
		num normals        :  4
		num tangents       :  0
		num uvs            :  8
		num uvs2           :  0
		num colors         :  0
		num triangles      :  2
	processing begun of mesh:  gray
		processing begun of material:  gray
		registered as also a user of material:  gray
		num positions      :  4
		num normals        :  4
		num tangents       :  0
		num uvs            :  8
		num uvs2           :  0
		num colors         :  0
		num triangles      :  2
	processing begun of mesh:  blue
		processing begun of material:  blue
		registered as also a user of material:  blue
		num positions      :  4
		num normals        :  4
		num tangents       :  0
		num uvs            :  8
		num uvs2           :  0
		num colors         :  0
		num triangles      :  2
	processing begun of mesh:  green
		processing begun of material:  green
		num positions      :  4
		num normals        :  4
		num tangents       :  0
		num uvs            :  8
		num uvs2           :  0
		num colors         :  0
		num triangles      :  2
	processing begun of mesh:  black
		processing begun of material:  black
		num positions      :  4
		num normals        :  4
		num tangents       :  0
		num uvs            :  8
		num uvs2           :  0
		num colors         :  0
		num triangles      :  2
	processing begun of mesh:  yellow
		processing begun of material:  yellow
		registered as also a user of material:  yellow
		num positions      :  4
		num normals        :  4
		num tangents       :  0
		num uvs            :  8
		num uvs2           :  0
		num colors         :  0
		num triangles      :  2
	processing begun of mesh:  invalidemail
		processing begun of material:  red
		registered as also a user of material:  red
		num positions      :  7836
		num normals        :  7836
		num tangents       :  0
		num uvs            :  15672
		num uvs2           :  0
		num colors         :  0
		num triangles      :  12542
		WARNING: # of 0 area faces found:  8
	processing begun of light (POINT):  Light
========= Writing of JSON file started =========
	writing mesh:  loginbox
	writing mesh:  button-login
	writing mesh:  button-createlink
	writing mesh:  button-forgot
	writing mesh:  button-cancellogin
	writing mesh:  password-password
	writing mesh:  email-email
	writing mesh:  check-remember
	writing mesh:  check-remembertext
	writing mesh:  invalidlogin
	writing mesh:  titlewtw
	writing mesh:  titlelocal
	writing mesh:  email-emailborder
	writing mesh:  password-passwordborder
	writing mesh:  check-rememberborder
	writing mesh:  button-logintext
	writing mesh:  button-createlinktext
	writing mesh:  button-forgottext
	writing mesh:  button-cancellogintext
	writing mesh:  email-emailborderfocus
	writing mesh:  password-passwordborderfocus
	writing mesh:  check-rememberborderfocus
	writing mesh:  white
	writing mesh:  gray
	writing mesh:  blue
	writing mesh:  green
	writing mesh:  black
	writing mesh:  yellow
	writing mesh:  invalidemail
========= Writing of JSON file completed =========
========= end of processing =========
elapsed time:  0 min, 16.3123 secs
