Exporter version: 3.3.0, Blender version: 3.3.1
========= Conversion from Blender to Babylon.js =========
	Scene settings used :
		Inline textures     :  false
		Material Type       :  PBR
		Positions Precision :  4
		Normals Precision   :  3
		UVs Precision       :  3
		Vert Color Precision:  3
		Mat Weight Precision:  2
		Keep Z-up r-handed  :  no
		Texture directory   :  C:\Data\HTTP3DInc\Blender\menus\
	Python World class constructor completed
	processing begun of mesh:  resetbox
		processing begun of material:  gray
		processing begun of material:  background
		processing begun of material:  blue
		processing begun of multimaterial:  wtw_passwordreset.Multimaterial#0
		num positions      :  16171
		num normals        :  16171
		num tangents       :  0
		num uvs            :  32342
		num uvs2           :  0
		num colors         :  0
		num triangles      :  26216
		WARNING: # of 0 area faces found:  8
	processing begun of camera (UniversalCamera):  Camera
	processing begun of mesh:  button-reset
		animation processing begun
			processing action resetAction:  in[1 - 100], out[0 - 100]
		processing begun of material:  blue
		processing begun of material:  background
		processing begun of material:  white
		registered as also a user of material:  blue
		registered as also a user of material:  background
		processing begun of multimaterial:  wtw_passwordreset.Multimaterial#1
		num positions      :  171
		num normals        :  171
		num tangents       :  0
		num uvs            :  342
		num uvs2           :  0
		num colors         :  0
		num triangles      :  84
	processing begun of mesh:  button-cancelreset
		animation processing begun
			processing action cancelAction:  in[1 - 100], out[0 - 100]
		processing begun of material:  gray
		processing begun of material:  background
		processing begun of material:  blue
		registered as also a user of material:  gray
		registered as also a user of material:  background
		registered as also a user of material:  blue
		processing begun of multimaterial:  wtw_passwordreset.Multimaterial#2
		num positions      :  171
		num normals        :  171
		num tangents       :  0
		num uvs            :  342
		num uvs2           :  0
		num colors         :  0
		num triangles      :  84
	processing begun of mesh:  email-email
		processing begun of material:  yellow
		processing begun of material:  white
		registered as also a user of material:  white
		processing begun of multimaterial:  wtw_passwordreset.Multimaterial#3
		num positions      :  22
		num normals        :  22
		num tangents       :  0
		num uvs            :  44
		num uvs2           :  0
		num colors         :  0
		num triangles      :  20
	processing begun of mesh:  sent
		processing begun of material:  green
		num positions      :  7161
		num normals        :  7161
		num tangents       :  0
		num uvs            :  14322
		num uvs2           :  0
		num colors         :  0
		num triangles      :  11632
		WARNING: # of 0 area faces found:  4
	processing begun of mesh:  notfound
		processing begun of material:  red
		num positions      :  9188
		num normals        :  9188
		num tangents       :  0
		num uvs            :  18376
		num uvs2           :  0
		num colors         :  0
		num triangles      :  14774
		WARNING: # of 0 area faces found:  8
	processing begun of mesh:  email-emailborder
		processing begun of material:  gray
		processing begun of material:  background
		processing begun of material:  blue
		registered as also a user of material:  gray
		registered as also a user of material:  background
		registered as also a user of material:  blue
		processing begun of multimaterial:  wtw_passwordreset.Multimaterial#4
		num positions      :  173
		num normals        :  173
		num tangents       :  0
		num uvs            :  346
		num uvs2           :  0
		num colors         :  0
		num triangles      :  152
	processing begun of mesh:  email-emailborderfocus
		processing begun of material:  gray
		processing begun of material:  background
		processing begun of material:  blue
		registered as also a user of material:  gray
		registered as also a user of material:  background
		registered as also a user of material:  blue
		processing begun of multimaterial:  wtw_passwordreset.Multimaterial#5
		num positions      :  173
		num normals        :  173
		num tangents       :  0
		num uvs            :  346
		num uvs2           :  0
		num colors         :  0
		num triangles      :  152
	processing begun of mesh:  button-resettext
		processing begun of material:  blue
		processing begun of material:  background
		processing begun of material:  white
		registered as also a user of material:  blue
		registered as also a user of material:  background
		registered as also a user of material:  white
		processing begun of multimaterial:  wtw_passwordreset.Multimaterial#6
		num positions      :  4741
		num normals        :  4741
		num tangents       :  0
		num uvs            :  9482
		num uvs2           :  0
		num colors         :  0
		num triangles      :  7800
		WARNING: # of 0 area faces found:  4
	processing begun of mesh:  button-cancelresettext
		processing begun of material:  gray
		processing begun of material:  background
		processing begun of material:  blue
		registered as also a user of material:  gray
		registered as also a user of material:  background
		registered as also a user of material:  blue
		processing begun of multimaterial:  wtw_passwordreset.Multimaterial#7
		num positions      :  5160
		num normals        :  5160
		num tangents       :  0
		num uvs            :  10320
		num uvs2           :  0
		num colors         :  0
		num triangles      :  8534
		WARNING: # of 0 area faces found:  10
	processing begun of mesh:  white
		processing begun of material:  white
		registered as also a user of material:  white
		num positions      :  4
		num normals        :  4
		num tangents       :  0
		num uvs            :  8
		num uvs2           :  0
		num colors         :  0
		num triangles      :  2
	processing begun of mesh:  gray
		processing begun of material:  gray
		registered as also a user of material:  gray
		num positions      :  4
		num normals        :  4
		num tangents       :  0
		num uvs            :  8
		num uvs2           :  0
		num colors         :  0
		num triangles      :  2
	processing begun of mesh:  blue
		processing begun of material:  blue
		registered as also a user of material:  blue
		num positions      :  4
		num normals        :  4
		num tangents       :  0
		num uvs            :  8
		num uvs2           :  0
		num colors         :  0
		num triangles      :  2
	processing begun of mesh:  green
		processing begun of material:  green
		registered as also a user of material:  green
		num positions      :  4
		num normals        :  4
		num tangents       :  0
		num uvs            :  8
		num uvs2           :  0
		num colors         :  0
		num triangles      :  2
	processing begun of mesh:  black
		processing begun of material:  black
		num positions      :  4
		num normals        :  4
		num tangents       :  0
		num uvs            :  8
		num uvs2           :  0
		num colors         :  0
		num triangles      :  2
	processing begun of mesh:  yellow
		processing begun of material:  yellow
		registered as also a user of material:  yellow
		num positions      :  4
		num normals        :  4
		num tangents       :  0
		num uvs            :  8
		num uvs2           :  0
		num colors         :  0
		num triangles      :  2
	processing begun of light (POINT):  Light
========= Writing of JSON file started =========
	writing mesh:  resetbox
	writing mesh:  button-reset
	writing mesh:  button-cancelreset
	writing mesh:  email-email
	writing mesh:  sent
	writing mesh:  notfound
	writing mesh:  email-emailborder
	writing mesh:  email-emailborderfocus
	writing mesh:  button-resettext
	writing mesh:  button-cancelresettext
	writing mesh:  white
	writing mesh:  gray
	writing mesh:  blue
	writing mesh:  green
	writing mesh:  black
	writing mesh:  yellow
========= Writing of JSON file completed =========
========= end of processing =========
elapsed time:  0 min, 7.0108 secs
